[0m23:18:03.483442 [debug] [MainThread]: Sending event: {'category': 'dbt', 'action': 'invocation', 'label': 'start', 'context': [<snowplow_tracker.self_describing_json.SelfDescribingJson object at 0x0000011ADFC954B0>, <snowplow_tracker.self_describing_json.SelfDescribingJson object at 0x0000011AE13B7970>, <snowplow_tracker.self_describing_json.SelfDescribingJson object at 0x0000011AE13B7B50>]}


============================== 23:18:03.493688 | 20b6a479-a93d-4f11-ba89-8959a878599d ==============================
[0m23:18:03.493688 [info ] [MainThread]: Running with dbt=1.9.3
[0m23:18:03.501019 [debug] [MainThread]: running dbt with arguments {'printer_width': '80', 'indirect_selection': 'eager', 'write_json': 'True', 'log_cache_events': 'False', 'partial_parse': 'True', 'cache_selected_only': 'False', 'warn_error': 'None', 'fail_fast': 'False', 'profiles_dir': 'C:\\Users\\Kariem\\.dbt', 'log_path': 'logs', 'version_check': 'True', 'debug': 'False', 'use_colors': 'True', 'use_experimental_parser': 'False', 'no_print': 'None', 'quiet': 'False', 'empty': 'None', 'warn_error_options': 'WarnErrorOptions(include=[], exclude=[])', 'static_parser': 'True', 'log_format': 'default', 'introspect': 'True', 'target_path': 'None', 'invocation_command': 'dbt init', 'send_anonymous_usage_stats': 'True'}
[0m23:18:33.354988 [debug] [MainThread]: Starter project path: C:\Users\Kariem\Desktop\dbt_projects\end-to-end_elt-Pipeline\venv\lib\site-packages\dbt\include\starter_project
[0m23:18:33.444708 [info ] [MainThread]: 
Your new dbt project "dbt_snowflake" was created!

For more information on how to configure the profiles.yml file,
please consult the dbt documentation here:

  https://docs.getdbt.com/docs/configure-your-profile

One more thing:

Need help? Don't hesitate to reach out to us via GitHub issues or on Slack:

  https://community.getdbt.com/

Happy modeling!

[0m23:18:33.444708 [info ] [MainThread]: Setting up your profile.
[0m23:30:40.335725 [info ] [MainThread]: Profile dbt_snowflake written to C:\Users\Kariem\.dbt\profiles.yml using target's profile_template.yml and your supplied values. Run 'dbt debug' to validate the connection.
[0m23:30:40.353944 [debug] [MainThread]: Command `dbt init` succeeded at 23:30:40.352945 after 756.98 seconds
[0m23:30:40.359585 [debug] [MainThread]: Sending event: {'category': 'dbt', 'action': 'invocation', 'label': 'end', 'context': [<snowplow_tracker.self_describing_json.SelfDescribingJson object at 0x0000011ADFC954B0>, <snowplow_tracker.self_describing_json.SelfDescribingJson object at 0x0000011AE0D00340>, <snowplow_tracker.self_describing_json.SelfDescribingJson object at 0x0000011AE13B7BB0>]}
[0m23:30:40.359585 [debug] [MainThread]: Flushing usage events
[0m23:30:41.180080 [debug] [MainThread]: An error was encountered while trying to flush usage events
[0m03:48:54.357741 [debug] [MainThread]: Sending event: {'category': 'dbt', 'action': 'invocation', 'label': 'start', 'context': [<snowplow_tracker.self_describing_json.SelfDescribingJson object at 0x0000019EB04994E0>, <snowplow_tracker.self_describing_json.SelfDescribingJson object at 0x0000019EB1BC3BB0>, <snowplow_tracker.self_describing_json.SelfDescribingJson object at 0x0000019EB1BC3D90>]}


============================== 03:48:54.366244 | 69614e76-97f8-44ce-b9c0-8727cf2cf32e ==============================
[0m03:48:54.366244 [info ] [MainThread]: Running with dbt=1.9.3
[0m03:48:54.370294 [debug] [MainThread]: running dbt with arguments {'printer_width': '80', 'indirect_selection': 'eager', 'log_cache_events': 'False', 'write_json': 'True', 'partial_parse': 'True', 'cache_selected_only': 'False', 'warn_error': 'None', 'debug': 'False', 'version_check': 'True', 'log_path': 'logs', 'fail_fast': 'False', 'profiles_dir': 'C:\\Users\\Kariem\\.dbt', 'use_colors': 'True', 'use_experimental_parser': 'False', 'empty': 'False', 'quiet': 'False', 'no_print': 'None', 'warn_error_options': 'WarnErrorOptions(include=[], exclude=[])', 'introspect': 'True', 'static_parser': 'True', 'log_format': 'default', 'target_path': 'None', 'invocation_command': 'dbt run --select silver+ gold+ --target dev_gold', 'send_anonymous_usage_stats': 'True'}
[0m03:48:54.372022 [error] [MainThread]: Encountered an error:
Runtime Error
  No dbt_project.yml found at expected path C:\Users\Kariem\Desktop\dbt_projects\end-to-end_elt-Pipeline\dbt_project.yml
  Verify that each entry within packages.yml (and their transitive dependencies) contains a file named dbt_project.yml
  
[0m03:48:54.372022 [debug] [MainThread]: Command `dbt run` failed at 03:48:54.372022 after 0.15 seconds
[0m03:48:54.372022 [debug] [MainThread]: Sending event: {'category': 'dbt', 'action': 'invocation', 'label': 'end', 'context': [<snowplow_tracker.self_describing_json.SelfDescribingJson object at 0x0000019EB04994E0>, <snowplow_tracker.self_describing_json.SelfDescribingJson object at 0x0000019EB1BC3AC0>, <snowplow_tracker.self_describing_json.SelfDescribingJson object at 0x0000019EB1BC3AF0>]}
[0m03:48:54.374597 [debug] [MainThread]: Flushing usage events
[0m03:48:55.191720 [debug] [MainThread]: An error was encountered while trying to flush usage events
